<?xml version="1.0" encoding="UTF-8"?>
<testng-results ignored="0" total="1" passed="1" failed="0" skipped="0">
  <reporter-output>
  </reporter-output>
  <suite started-at="2019-09-18T16:25:29Z" name="BDD Test Suite" finished-at="2019-09-18T16:25:46Z" duration-ms="17053">
    <groups>
      <group name="cucumber">
        <method signature="TestRunner.feature(cucumber.api.testng.CucumberFeatureWrapper)[pri:0, instance:TestRunner.TestRunner@233fe9b6]" name="feature" class="TestRunner.TestRunner"/>
      </group> <!-- cucumber -->
    </groups>
    <test started-at="2019-09-18T16:25:29Z" name="Tests" finished-at="2019-09-18T16:25:46Z" duration-ms="17053">
      <class name="TestRunner.TestRunner">
        <test-method is-config="true" signature="setUpClass()[pri:0, instance:TestRunner.TestRunner@233fe9b6]" started-at="2019-09-18T16:25:29Z" name="setUpClass" finished-at="2019-09-18T16:25:29Z" duration-ms="190" status="PASS">
          <reporter-output>
          </reporter-output>
        </test-method> <!-- setUpClass -->
        <test-method signature="feature(cucumber.api.testng.CucumberFeatureWrapper)[pri:0, instance:TestRunner.TestRunner@233fe9b6]" started-at="2019-09-18T16:25:29Z" name="feature" description="Runs Cucumber Feature" data-provider="features" finished-at="2019-09-18T16:25:46Z" duration-ms="16754" status="PASS">
          <params>
            <param index="0">
              <value>
                <![CDATA[PHP Travels Home Page Navigation]]>
              </value>
            </param>
          </params>
          <reporter-output>
          </reporter-output>
        </test-method> <!-- feature -->
        <test-method is-config="true" signature="tearDownClass()[pri:0, instance:TestRunner.TestRunner@233fe9b6]" started-at="2019-09-18T16:25:46Z" name="tearDownClass" finished-at="2019-09-18T16:25:46Z" duration-ms="22" status="PASS">
          <reporter-output>
          </reporter-output>
        </test-method> <!-- tearDownClass -->
      </class> <!-- TestRunner.TestRunner -->
    </test> <!-- Tests -->
  </suite> <!-- BDD Test Suite -->
</testng-results>
